[2020-08-10T14:23:31.653] [DEBUG] cheese - login => username:zyp,password:zyp123123
[2020-08-10T14:23:31.655] [DEBUG] cheese - zyp
[2020-08-10T14:23:31.671] [DEBUG] cheese - null
[2020-08-10T14:23:31.672] [DEBUG] cheese - null
[2020-08-10T14:24:22.936] [DEBUG] cheese - login => username:admin,password:123456
[2020-08-10T14:24:22.936] [DEBUG] cheese - admin
[2020-08-10T14:24:22.941] [DEBUG] cheese - null
[2020-08-10T14:24:22.941] [DEBUG] cheese - null
[2020-08-11T16:44:30.496] [DEBUG] cheese - login => username:admin,password:123456
[2020-08-11T16:44:30.497] [DEBUG] cheese - admin
[2020-08-11T16:44:30.513] [DEBUG] cheese - null
[2020-08-11T16:44:30.514] [DEBUG] cheese - null
[2020-08-11T16:44:43.432] [DEBUG] cheese - login => username:admin,password:123123
[2020-08-11T16:44:43.432] [DEBUG] cheese - admin
[2020-08-11T16:44:43.452] [DEBUG] cheese - null
[2020-08-11T16:44:43.452] [DEBUG] cheese - null
[2020-08-11T16:44:53.168] [DEBUG] cheese - login => username:admin,password:123123
[2020-08-11T16:44:53.168] [DEBUG] cheese - admin
[2020-08-11T16:44:53.170] [DEBUG] cheese - null
[2020-08-11T16:44:53.170] [DEBUG] cheese - null
[2020-08-11T16:45:05.118] [DEBUG] cheese - login => username:admin,password:123123
[2020-08-11T16:45:05.118] [DEBUG] cheese - admin
[2020-08-11T16:45:05.120] [DEBUG] cheese - null
[2020-08-11T16:45:05.120] [DEBUG] cheese - null
[2020-08-11T16:45:23.139] [DEBUG] cheese - login => username:admin,password:123456
[2020-08-11T16:45:23.139] [DEBUG] cheese - admin
[2020-08-11T16:45:23.141] [DEBUG] cheese - null
[2020-08-11T16:45:23.141] [DEBUG] cheese - null
[2020-08-12T16:23:49.643] [DEBUG] cheese - login => username:admin,password:123456
[2020-08-12T16:23:49.644] [DEBUG] cheese - admin
[2020-08-12T16:23:49.665] [DEBUG] cheese - null
[2020-08-12T16:23:49.666] [DEBUG] cheese - null
[2020-08-12T16:23:58.289] [DEBUG] cheese - login => username:admin,password:123456
[2020-08-12T16:23:58.289] [DEBUG] cheese - admin
[2020-08-12T16:23:58.292] [DEBUG] cheese - null
[2020-08-12T16:23:58.292] [DEBUG] cheese - null
[2020-08-12T17:05:46.791] [DEBUG] cheese - login => username:admin,password:123456
[2020-08-12T17:05:46.791] [DEBUG] cheese - admin
[2020-08-12T17:05:46.795] [DEBUG] cheese - null
[2020-08-12T17:05:46.795] [DEBUG] cheese - null
[2020-08-12T17:08:47.314] [DEBUG] cheese - login => username:admin,password:123456
[2020-08-12T17:08:47.314] [DEBUG] cheese - admin
[2020-08-12T17:08:47.316] [DEBUG] cheese - null
[2020-08-12T17:08:47.316] [DEBUG] cheese - null
[2020-08-12T17:09:12.552] [DEBUG] cheese - login => username:admin,password:123456
[2020-08-12T17:09:12.552] [DEBUG] cheese - admin
[2020-08-12T17:09:12.554] [DEBUG] cheese - null
[2020-08-12T17:09:12.554] [DEBUG] cheese - null
[2020-08-12T17:09:37.830] [DEBUG] cheese - login => username:admin,password:123456
[2020-08-12T17:09:37.831] [DEBUG] cheese - admin
[2020-08-12T17:09:37.832] [DEBUG] cheese - null
[2020-08-12T17:09:37.832] [DEBUG] cheese - null
[2020-08-12T17:09:54.159] [DEBUG] cheese - login => username:admin,password:123456
[2020-08-12T17:09:54.159] [DEBUG] cheese - admin
[2020-08-12T17:09:54.161] [DEBUG] cheese - null
[2020-08-12T17:09:54.161] [DEBUG] cheese - null
[2020-08-12T17:14:09.629] [DEBUG] cheese - login => username:admin,password:123456
[2020-08-12T17:14:09.629] [DEBUG] cheese - admin
[2020-08-12T17:14:09.633] [DEBUG] cheese - null
[2020-08-12T17:14:09.633] [DEBUG] cheese - null
[2020-08-13T15:32:29.397] [DEBUG] cheese - login => username:admin,password:123456
[2020-08-13T15:32:29.398] [DEBUG] cheese - admin
[2020-08-13T15:32:29.425] [DEBUG] cheese - null
[2020-08-13T15:32:29.425] [DEBUG] cheese - null
[2020-08-14T15:45:06.140] [DEBUG] cheese - login => username:admin,password:123456
[2020-08-14T15:45:06.141] [DEBUG] cheese - admin
[2020-08-14T15:45:06.160] [DEBUG] cheese - null
[2020-08-14T15:45:06.160] [DEBUG] cheese - null
[2020-08-15T16:13:33.191] [DEBUG] cheese - login => username:admin,password:123456
[2020-08-15T16:13:33.192] [DEBUG] cheese - admin
[2020-08-15T16:13:33.204] [DEBUG] cheese - null
[2020-08-15T16:13:33.204] [DEBUG] cheese - null
[2020-08-16T16:47:47.034] [DEBUG] cheese - login => username:admin,password:123456
[2020-08-16T16:47:47.035] [DEBUG] cheese - admin
[2020-08-16T16:47:47.055] [DEBUG] cheese - null
[2020-08-16T16:47:47.055] [DEBUG] cheese - null
